<?xml version="1.0" encoding="UTF-8"?>
<!-- Generated by org.testng.reporters.JUnitXMLReporter -->
<testsuite ignored="0" hostname="Yassin" failures="0" tests="3" name="Login Tests" time="15.369" errors="0" timestamp="2026-05-01T04:14:00 EEST">
  <testcase classname="com.tutorialsninja.tests.LoginTest" name="testInvalidLogin" time="1.574"/>
  <testcase classname="com.tutorialsninja.tests.LoginTest" name="testInvalidLogin" time="1.742"/>
  <testcase classname="com.tutorialsninja.tests.LoginTest" name="testValidLogin" time="2.703"/>
</testsuite> <!-- Login Tests -->
