<?xml version="1.0" encoding="UTF-8"?>
<!-- Generated by org.testng.reporters.JUnitXMLReporter -->
<testsuite ignored="0" hostname="Yassin" failures="0" tests="3" name="Registration Tests" time="25.292" errors="0" timestamp="2026-05-01T04:13:44 EEST">
  <testcase classname="com.tutorialsninja.tests.RegistrationTest" name="testRegistrationWithErrors" time="4.169"/>
  <testcase classname="com.tutorialsninja.tests.RegistrationTest" name="testRegistrationWithoutErrors" time="4.021"/>
  <testcase classname="com.tutorialsninja.tests.RegistrationTest" name="testRegistrationWithoutErrors" time="5.196"/>
</testsuite> <!-- Registration Tests -->
