<?xml version="1.0" encoding="UTF-8"?>
<!-- Generated by org.testng.reporters.JUnitXMLReporter -->
<testsuite ignored="0" hostname="Yassin" failures="1" tests="2" name="Search Tests" time="14.542" errors="0" timestamp="2026-05-01T04:14:56 EEST">
  <testcase classname="com.tutorialsninja.tests.SearchTest" name="testSearchByName" time="4.298"/>
  <testcase classname="com.tutorialsninja.tests.SubcategorySearchTest" name="testSubcategorySearch" time="4.124">
    <failure type="java.lang.AssertionError" message="Expected no products when searching &amp;apos;Apple&amp;apos; in &amp;apos;Components&amp;apos; without subcategories expected [true] but found [false]">
      <![CDATA[java.lang.AssertionError: Expected no products when searching 'Apple' in 'Components' without subcategories expected [true] but found [false]
at com.tutorialsninja.tests.SubcategorySearchTest.testSubcategorySearch(SubcategorySearchTest.java:40)
at java.base/java.util.ArrayList.forEach(ArrayList.java:1604)
... Removed 32 stack frames]]>
    </failure>
  </testcase> <!-- testSubcategorySearch -->
</testsuite> <!-- Search Tests -->
