<?xml version="1.0" encoding="UTF-8"?>
<!-- Generated by org.testng.reporters.JUnitReportReporter -->
<testsuite hostname="Yassin" failures="0" tests="3" name="com.tutorialsninja.tests.LoginTest" time="15.117" errors="0" timestamp="2026-05-01T04:15:58 EEST" skipped="0">
  <testcase classname="com.tutorialsninja.tests.LoginTest" name="testInvalidLogin" time="4.335"/>
  <testcase classname="com.tutorialsninja.tests.LoginTest" name="testInvalidLogin" time="5.120"/>
  <testcase classname="com.tutorialsninja.tests.LoginTest" name="testValidLogin" time="5.662"/>
</testsuite> <!-- com.tutorialsninja.tests.LoginTest -->
