<?xml version="1.0" encoding="UTF-8"?>
<!-- Generated by org.testng.reporters.JUnitReportReporter -->
<testsuite hostname="Yassin" failures="0" tests="3" name="com.tutorialsninja.tests.RegistrationTest" time="23.871" errors="0" timestamp="2026-05-01T04:15:58 EEST" skipped="0">
  <testcase classname="com.tutorialsninja.tests.RegistrationTest" name="testRegistrationWithoutErrors" time="6.876"/>
  <testcase classname="com.tutorialsninja.tests.RegistrationTest" name="testRegistrationWithoutErrors" time="9.117"/>
  <testcase classname="com.tutorialsninja.tests.RegistrationTest" name="testRegistrationWithErrors" time="7.878"/>
</testsuite> <!-- com.tutorialsninja.tests.RegistrationTest -->
